<?xml version="1.0" encoding="UTF-8"?>
<!-- Generated by org.testng.reporters.JUnitXMLReporter -->
<testsuite ignored="0" hostname="DESKTOP-HCFAPS0" failures="0" tests="4" name="registrationPage" time="42.665" errors="0" timestamp="2025-02-01T00:03:16 EST">
  <testcase classname="testCases.switchTo.Frames" name="testFrameTab" time="2.493"/>
  <testcase classname="testCases.switchTo.SwitchToTab" name="switchToTab" time="3.088"/>
  <testcase classname="testCases.switchTo.SwitchToTab" name="testWindowsSubTab" time="2.633"/>
  <testcase classname="testCases.switchTo.WindowsTab" name="testWindowsSubTab" time="2.593"/>
</testsuite> <!-- registrationPage -->
