<?xml version="1.0" encoding="UTF-8"?>
<testng-results ignored="0" total="1" passed="1" failed="0" skipped="0">
  <reporter-output>
  </reporter-output>
  <suite started-at="2024-12-09T14:14:25 EST" name="Default suite" finished-at="2024-12-09T14:14:39 EST" duration-ms="14039">
    <groups>
    </groups>
    <test started-at="2024-12-09T14:14:25 EST" name="Default test" finished-at="2024-12-09T14:14:39 EST" duration-ms="14039">
      <class name="testCases.LandingHomePage">
        <test-method is-config="true" signature="launchApplication()[pri:0, instance:testCases.LandingHomePage@291caca8]" started-at="2024-12-09T14:14:25 EST" name="launchApplication" finished-at="2024-12-09T14:14:31 EST" duration-ms="6387" status="PASS">
          <reporter-output>
          </reporter-output>
        </test-method> <!-- launchApplication -->
        <test-method signature="clickLandingPageLinks()[pri:0, instance:testCases.LandingHomePage@291caca8]" started-at="2024-12-09T14:14:31 EST" name="clickLandingPageLinks" finished-at="2024-12-09T14:14:37 EST" duration-ms="6259" status="PASS">
          <reporter-output>
          </reporter-output>
        </test-method> <!-- clickLandingPageLinks -->
        <test-method is-config="true" signature="tearDown()[pri:0, instance:testCases.LandingHomePage@291caca8]" started-at="2024-12-09T14:14:37 EST" name="tearDown" finished-at="2024-12-09T14:14:39 EST" duration-ms="1357" status="PASS">
          <reporter-output>
          </reporter-output>
        </test-method> <!-- tearDown -->
      </class> <!-- testCases.LandingHomePage -->
    </test> <!-- Default test -->
  </suite> <!-- Default suite -->
</testng-results>
